<?xml version="1.0" encoding="UTF-8"?>
<!-- Generated by org.testng.reporters.JUnitReportReporter -->
<testsuite skipped="0" hostname="KUSHAL-PC" name="test1.ErrorRemoval" tests="1" failures="0" timestamp="08 Aug 2018 16:18:37 GMT" time="23.209" errors="0">
  <testcase name="check" time="23.209" classname="test1.ErrorRemoval"/>
</testsuite> <!-- test1.ErrorRemoval -->
